info it worked if it ends with ok
verbose cli [ 'node', '/usr/bin/npm', 'completion' ]
info using npm@1.1.4
info using node@v0.6.12
verbose config file /root/.npmrc
verbose config file /usr/etc/npmrc
verbose config file /usr/share/npm/npmrc
ERR! Error: ENOENT, no such file or directory '/usr/share/npm/lib/utils/completion.sh'
ERR! You may report this log at:
ERR!     <http://bugs.debian.org/npm>
ERR! or use
ERR!     reportbug --attach /srv/www/wordpress/wp-content/plugins/customizer-demo/npm-debug.log npm
ERR! 
ERR! System Linux 3.9.3-x86-linode52
ERR! command "node" "/usr/bin/npm" "completion"
ERR! cwd /srv/www/wordpress/wp-content/plugins/customizer-demo
ERR! node -v v0.6.12
ERR! npm -v 1.1.4
ERR! path /usr/share/npm/lib/utils/completion.sh
ERR! code ENOENT
ERR! message ENOENT, no such file or directory '/usr/share/npm/lib/utils/completion.sh'
ERR! errno {}
verbose exit [ 1, true ]
